path mismatch [2 links]: ino 23 db '/dev/shm/sem.mp189-0' req '/dev/shm/sem.MXj90P'.
path mismatch [2 links]: ino 6 db '/dev/shm/sem.mp131-0' req '/dev/shm/sem.K7ww9W'.
path mismatch [2 links]: ino 6 db '/dev/shm/sem.mp131-0' req '/dev/shm/sem.mDCupu'.
path mismatch [2 links]: ino 6 db '/dev/shm/sem.mp131-0' req '/dev/shm/sem.SL6FXX'.
path mismatch [2 links]: ino 18 db '/dev/shm/sem.mp138-0' req '/dev/shm/sem.LMmEbH'.
path mismatch [2 links]: ino 20 db '/dev/shm/sem.mp145-0' req '/dev/shm/sem.Kecudt'.
path mismatch [2 links]: ino 21 db '/dev/shm/sem.mp145-1' req '/dev/shm/sem.zubZXa'.
path mismatch [2 links]: ino 22 db '/dev/shm/sem.mp145-2' req '/dev/shm/sem.WQrxIS'.
path mismatch [2 links]: ino 23 db '/dev/shm/sem.mp145-3' req '/dev/shm/sem.RBp8sA'.
path mismatch [2 links]: ino 24 db '/dev/shm/sem.mp145-4' req '/dev/shm/sem.SpNLdi'.
path mismatch [2 links]: ino 25 db '/dev/shm/sem.mp145-5' req '/dev/shm/sem.3vi4A0'.
path mismatch [2 links]: ino 26 db '/dev/shm/sem.mp145-6' req '/dev/shm/sem.42DrYI'.
path mismatch [2 links]: ino 27 db '/dev/shm/sem.mp145-7' req '/dev/shm/sem.xaeTlr'.
path mismatch [2 links]: ino 28 db '/dev/shm/sem.mp145-8' req '/dev/shm/sem.MjNoJ9'.
path mismatch [2 links]: ino 31 db '/dev/shm/sem.mp306-0' req '/dev/shm/sem.NgyHXi'.
path mismatch [2 links]: ino 32 db '/dev/shm/sem.mp307-0' req '/dev/shm/sem.Eiugsi'.
path mismatch [2 links]: ino 52603856 db '/home/linux/work/build_ma1000/tmp/work/cortexa9hf-neon-mep-linux-gnueabi/lets/1.0-r0/pkgdata/lets' req '/home/linux/work/build_ma1000/tmp/sysroots/ma1000/pkgdata/lets'.
path mismatch [2 links]: ino 52603857 db '/home/linux/work/build_ma1000/tmp/work/cortexa9hf-neon-mep-linux-gnueabi/lets/1.0-r0/pkgdata/runtime/lets-dbg' req '/home/linux/work/build_ma1000/tmp/sysroots/ma1000/pkgdata/runtime/lets-dbg'.
path mismatch [2 links]: ino 52603860 db '/home/linux/work/build_ma1000/tmp/work/cortexa9hf-neon-mep-linux-gnueabi/lets/1.0-r0/pkgdata/runtime/lets-staticdev' req '/home/linux/work/build_ma1000/tmp/sysroots/ma1000/pkgdata/runtime/lets-staticdev'.
path mismatch [2 links]: ino 52603856 db '/home/linux/work/build_ma1000/tmp/work/cortexa9hf-neon-mep-linux-gnueabi/lets/1.0-r0/pkgdata/lets' req '/home/linux/work/build_ma1000/tmp/sysroots/ma1000/pkgdata/lets'.
path mismatch [2 links]: ino 52603861 db '/home/linux/work/build_ma1000/tmp/work/cortexa9hf-neon-mep-linux-gnueabi/lets/1.0-r0/pkgdata/runtime/lets-dev' req '/home/linux/work/build_ma1000/tmp/sysroots/ma1000/pkgdata/runtime/lets-dev'.
path mismatch [2 links]: ino 52603864 db '/home/linux/work/build_ma1000/tmp/work/cortexa9hf-neon-mep-linux-gnueabi/lets/1.0-r0/pkgdata/runtime/lets-doc' req '/home/linux/work/build_ma1000/tmp/sysroots/ma1000/pkgdata/runtime/lets-doc'.
path mismatch [2 links]: ino 52603865 db '/home/linux/work/build_ma1000/tmp/work/cortexa9hf-neon-mep-linux-gnueabi/lets/1.0-r0/pkgdata/runtime/lets-locale' req '/home/linux/work/build_ma1000/tmp/sysroots/ma1000/pkgdata/runtime/lets-locale'.
path mismatch [2 links]: ino 52603857 db '/home/linux/work/build_ma1000/tmp/work/cortexa9hf-neon-mep-linux-gnueabi/lets/1.0-r0/pkgdata/runtime/lets-dbg' req '/home/linux/work/build_ma1000/tmp/sysroots/ma1000/pkgdata/runtime/lets-dbg'.
path mismatch [2 links]: ino 52603866 db '/home/linux/work/build_ma1000/tmp/work/cortexa9hf-neon-mep-linux-gnueabi/lets/1.0-r0/pkgdata/runtime/lets' req '/home/linux/work/build_ma1000/tmp/sysroots/ma1000/pkgdata/runtime/lets'.
path mismatch [2 links]: ino 52603860 db '/home/linux/work/build_ma1000/tmp/work/cortexa9hf-neon-mep-linux-gnueabi/lets/1.0-r0/pkgdata/runtime/lets-staticdev' req '/home/linux/work/build_ma1000/tmp/sysroots/ma1000/pkgdata/runtime/lets-staticdev'.
path mismatch [2 links]: ino 52603861 db '/home/linux/work/build_ma1000/tmp/work/cortexa9hf-neon-mep-linux-gnueabi/lets/1.0-r0/pkgdata/runtime/lets-dev' req '/home/linux/work/build_ma1000/tmp/sysroots/ma1000/pkgdata/runtime/lets-dev'.
path mismatch [2 links]: ino 52603864 db '/home/linux/work/build_ma1000/tmp/work/cortexa9hf-neon-mep-linux-gnueabi/lets/1.0-r0/pkgdata/runtime/lets-doc' req '/home/linux/work/build_ma1000/tmp/sysroots/ma1000/pkgdata/runtime/lets-doc'.
path mismatch [2 links]: ino 52603865 db '/home/linux/work/build_ma1000/tmp/work/cortexa9hf-neon-mep-linux-gnueabi/lets/1.0-r0/pkgdata/runtime/lets-locale' req '/home/linux/work/build_ma1000/tmp/sysroots/ma1000/pkgdata/runtime/lets-locale'.
path mismatch [2 links]: ino 52603866 db '/home/linux/work/build_ma1000/tmp/work/cortexa9hf-neon-mep-linux-gnueabi/lets/1.0-r0/pkgdata/runtime/lets' req '/home/linux/work/build_ma1000/tmp/sysroots/ma1000/pkgdata/runtime/lets'.
path mismatch [2 links]: ino 52603861 db '/home/linux/work/build_ma1000/tmp/work/cortexa9hf-neon-mep-linux-gnueabi/lets/1.0-r0/pkgdata/runtime/lets-dev' req '/home/linux/work/build_ma1000/tmp/sysroots/ma1000/pkgdata/runtime/lets-dev'.
path mismatch [2 links]: ino 52603860 db '/home/linux/work/build_ma1000/tmp/work/cortexa9hf-neon-mep-linux-gnueabi/lets/1.0-r0/pkgdata/runtime/lets-staticdev' req '/home/linux/work/build_ma1000/tmp/sysroots/ma1000/pkgdata/runtime/lets-staticdev'.
path mismatch [2 links]: ino 52603866 db '/home/linux/work/build_ma1000/tmp/work/cortexa9hf-neon-mep-linux-gnueabi/lets/1.0-r0/pkgdata/runtime/lets' req '/home/linux/work/build_ma1000/tmp/sysroots/ma1000/pkgdata/runtime/lets'.
path mismatch [2 links]: ino 52603866 db '/home/linux/work/build_ma1000/tmp/work/cortexa9hf-neon-mep-linux-gnueabi/lets/1.0-r0/pkgdata/runtime/lets' req '/home/linux/work/build_ma1000/tmp/sysroots/ma1000/pkgdata/runtime/lets'.
path mismatch [2 links]: ino 52603866 db '/home/linux/work/build_ma1000/tmp/work/cortexa9hf-neon-mep-linux-gnueabi/lets/1.0-r0/pkgdata/runtime/lets' req '/home/linux/work/build_ma1000/tmp/sysroots/ma1000/pkgdata/runtime/lets'.
path mismatch [2 links]: ino 52603864 db '/home/linux/work/build_ma1000/tmp/work/cortexa9hf-neon-mep-linux-gnueabi/lets/1.0-r0/pkgdata/runtime/lets-doc' req '/home/linux/work/build_ma1000/tmp/sysroots/ma1000/pkgdata/runtime/lets-doc'.
path mismatch [2 links]: ino 52603865 db '/home/linux/work/build_ma1000/tmp/work/cortexa9hf-neon-mep-linux-gnueabi/lets/1.0-r0/pkgdata/runtime/lets-locale' req '/home/linux/work/build_ma1000/tmp/sysroots/ma1000/pkgdata/runtime/lets-locale'.
